[debug] [2022-11-05T04:47:49.490Z] ----------------------------------------------------------------------
[debug] [2022-11-05T04:47:49.492Z] Command:       C:\Program Files\nodejs\node.exe C:\Users\Suriy\AppData\Roaming\npm\node_modules\firebase-tools\lib\bin\firebase.js init
[debug] [2022-11-05T04:47:49.492Z] CLI Version:   11.16.0
[debug] [2022-11-05T04:47:49.493Z] Platform:      win32
[debug] [2022-11-05T04:47:49.493Z] Node Version:  v18.12.1
[debug] [2022-11-05T04:47:49.493Z] Time:          Sat Nov 05 2022 10:17:49 GMT+0530 (India Standard Time)
[debug] [2022-11-05T04:47:49.494Z] ----------------------------------------------------------------------
[debug] 
[debug] [2022-11-05T04:47:49.556Z] > command requires scopes: ["email","openid","https://www.googleapis.com/auth/cloudplatformprojects.readonly","https://www.googleapis.com/auth/firebase","https://www.googleapis.com/auth/cloud-platform"]
[debug] [2022-11-05T04:47:49.556Z] > authorizing via signed-in user (santhanraja3@gmail.com)
[info] 
     ######## #### ########  ######## ########     ###     ######  ########
     ##        ##  ##     ## ##       ##     ##  ##   ##  ##       ##
     ######    ##  ########  ######   ########  #########  ######  ######
     ##        ##  ##    ##  ##       ##     ## ##     ##       ## ##
     ##       #### ##     ## ######## ########  ##     ##  ######  ########

You're about to initialize a Firebase project in this directory:

  D:\projects\doiinnweb

Before we get started, keep in mind:

  * You are initializing within an existing Firebase project directory

